[INFO] [2020-11-10 14:45:37,995 +0200[ - UnifiedAgent version (pluginVersion) : 20.10.1
[INFO] [2020-11-10 14:45:38,116 +0200[ - 
------------------------------------------------------------------------
-------------------- Start: Fetch Configuration ------------------------
------------------------------------------------------------------------
[INFO] [2020-11-10 14:45:38,117 +0200[ - 
------------------------------------------------------------------------
-------------------- End: Fetch Configuration --------------------------
------------------------------------------------------------------------
[INFO] [2020-11-10 14:45:38,139 +0200[ - 
##### general #####
resolveAllDependencies=false
requireKnownSha1=false
projectTag=
projectName=Sivan demo
productName=Sivan demo
includes=**/*.jar
enableImpactAnalysis=true
configFilePath=wss-generated-file.config
apiKey=******
analyzeMultiModule=EUAdemo
#wss.url=https://saas.whitesourcesoftware.com/agent
#whiteSourceFolderPath=.
#userKey=
#updateType=OVERRIDE
#updateInventory=true
#updateEmptyProject=true
#scanReportTimeoutMinutes=10
#scanReportFilenameFormat=project_with_timestamp
#scanPackageManager=false
#scanComment=
#requesterEmail=
#recommendationDetector=false
#projectVersion=
#projectToken=
#projectPerFolderIncludes=*
#projectPerFolderExcludes=
#projectPerFolder=false
#productVersion=
#productToken=
#offline.zip=false
#offline.prettyJson=true
#offline=false
#log.level=info
#ignoreSourceFiles=false
#iaLanguage=
#generateScanReport=false
#generateProjectDetailsJson=false
#forceUpdate.failBuildOnPolicyViolation=false
#forceUpdate=false
#forceCheckAllDependencies=false
#failErrorLevel=DEFAULT
#excludes=
#excludeDependenciesFromNodes=
#euaVul=euaVul.json
#euaRes=euaRes.json
#euaOffline=
#euaDep=euaDep.json
#docker.scanContainers=false
#checkPolicies=false
#appPath=
#analyzeFrameworksReference=analyzeFrameworks.txt
#analyzeFrameworks=false

#####  #####
#ignoreEuaNotices=informational

##### ANT #####
#ant.resolveDependencies=false
#ant.pathIdIncludes=
#ant.external.parameters=

##### archive #####
archiveExtractionDepth=7
#archiveIncludes=
#archiveExcludes=

##### artifactory #####
#artifactory.userPassword=
#artifactory.userName=
#artifactory.url=
#artifactory.repoKeys=
#artifactory.includes=.*.*
#artifactory.excludes=
#artifactory.enableScan=false
#artifactory.accessToken=

##### bazel #####
#bazel.runPreStep=false
#bazel.resolveDependencies=false

##### bower #####
#bower.runPreStep=false
#bower.resolveDependencies=false
#bower.ignoreSourceFiles=false

##### cabal #####
#haskell.resolveDependencies=false

##### cargo #####
#cargo.runPreStep=false
#cargo.resolveDependencies=false
#cargo.ignoreSourceFiles=true

##### cocoapods #####
#cocoapods.runPreStep=false
#cocoapods.resolveDependencies=false
#cocoapods.ignoreSourceFiles=true

##### docker #####
#docker.scanTarFiles=false
#docker.scanImages=false
#docker.scan.maxImages=0
#docker.pull.tags=
#docker.pull.maxImages=10
#docker.pull.images=
#docker.pull.force=false
#docker.pull.enable=false
#docker.pull.digest=
#docker.projectNameFormat=default
#docker.login.sudo=true
#docker.layers=false
#docker.includes=.*.*
#docker.includeSingleScan=
#docker.excludes=
#docker.delete.force=false
#docker.containerIncludes=.*.*
#docker.containerExcludes=

##### docker artifactory #####
#docker.artifactory.userPassword=
#docker.artifactory.userName=
#docker.artifactory.url=
#docker.artifactory.repositoriesNames=
#docker.artifactory.pullUrl=
#docker.artifactory.enable=false
#docker.artifactory.dockerAccessMethod= 

##### docker aws #####
#docker.aws.registryIds=
#docker.aws.region=east
#docker.aws.enable=false

##### docker azure #####
#docker.azure.userPassword=
#docker.azure.userName=
#docker.azure.registryNames=
#docker.azure.registryAuthenticationParameters=
#docker.azure.enable=false
#docker.azure.authenticationType=UserAccount

##### docker google containers #####
#docker.gcr.repositories=
#docker.gcr.enable=false
#docker.gcr.account=

##### docker hub #####
#docker.hub.userPassword=
#docker.hub.userName=
#docker.hub.organizationsNames=
#docker.hub.enabled=false
#docker.hub.accessToken=

##### environment #####
followSymbolicLinks=false
#case.sensitive.glob=false

##### go #####
#go.resolveDependencies=false
#go.ignoreSourceFiles=false
#go.gogradle.enableTaskAlias=false
#go.glide.ignoreTestPackages=true
#go.dependencyManager=
#go.collectDependenciesAtRuntime=false

##### gradle #####
#gradle.wrapperPath=
#gradle.runPreStep=false
#gradle.runAssembleCommand=true
#gradle.resolveDependencies=false
#gradle.preferredEnvironment=gradle
#gradle.multiModule.applyProjectVersion=false
#gradle.localRepositoryPath=
#gradle.includedScopes=
#gradle.includedConfigurations=
#gradle.includeModules=
#gradle.ignoredScopes=
#gradle.ignoredConfigurations=
#gradle.ignoreSourceFiles=false
#gradle.excludeModules=
#gradle.aggregateModules=false
#gradle.additionalArguments=

##### hex #####
#hex.runPreStep=false
#hex.resolveDependencies=false
#hex.ignoreSourceFiles=true
#hex.aggregateModules=false

##### html #####
#html.resolveDependencies=false

##### maven #####
maven.runPreStep=true
maven.resolveDependencies=true
maven.ignoreMvnTreeErrors=false
maven.aggregateModules=false
#maven.projectNameFromDependencyFile=false
#maven.multiModule.applyProjectVersion=false
#maven.maxCacheFolderSize=
#maven.m2RepositoryPath=
#maven.ignoredScopes=provided,test
#maven.ignoreSourceFiles=false
#maven.ignorePomModules=true
#maven.environmentPath=
#maven.downloadMissingDependencies=true
#maven.additionalArguments=

##### npm #####
#npm.yarnProject=false
#npm.yarn.frozenLockfile=false
#npm.timeoutDependenciesCollectorInSeconds=60
#npm.runPreStep=false
#npm.resolveMainPackageJsonOnly=false
#npm.resolveLockFile=false
#npm.resolveGlobalPackages=false
#npm.resolveDependencies=false
#npm.resolveAdditionalDependencies=false
#npm.removeDuplicateDependencies=true
#npm.projectNameFromDependencyFile=false
#npm.includeDevDependencies=false
#npm.ignoreSourceFiles=true
#npm.ignoreScripts=false
#npm.ignoreNpmLsErrors=false
#npm.ignoreJavaScriptFiles=true
#npm.ignoreDirectoryPatterns=example,examples,.ws_bower,test
#npm.identifyByNameAndVersion=false
#npm.failOnNpmLsErrors=
#npm.accessToken=

##### nuget #####
#nuget.runPreStep=false
#nuget.restoreDependencies=false
#nuget.resolvePackagesConfigFiles=true
#nuget.resolveNuspecFiles=true
#nuget.resolveDependencies=false
#nuget.resolveCsProjFiles=true
#nuget.resolveAssetsFiles=true
#nuget.preferredEnvironment=
#nuget.packagesDirectory=
#nuget.ignoreSourceFiles=true

##### ocaml #####
#ocaml.switchName=
#ocaml.runPreStep=false
#ocaml.resolveDependencies=false
#ocaml.ignoredScopes=with-test,with-doc
#ocaml.ignoreSourceFiles=false
#ocaml.aggregateModules=false

##### paket #####
#paket.runPreStep=false
#paket.resolveDependencies=false
#paket.ignoredGroups=
#paket.ignoreSourceFiles=true
#paket.exePath=

##### php #####
#php.runPreStep=false
#php.resolveDependencies=false
#php.removeDuplicateDependencies=false
#php.includeDevDependencies=false
#php.ignoreSourceFiles=true

##### python #####
#python.runPoetryPreStep=false
#python.runPipenvPreStep=false
#python.resolveSetupPyFiles=false
#python.resolvePipEditablePackages=false
#python.resolveHierarchyTree=true
#python.resolveGlobalPackages=false
#python.resolveDependencies=false
#python.requirementsFileIncludes=
#python.pipenvDevDependencies=false
#python.pipPath=pip
#python.path=python
#python.localPackagePathsToInstall=
#python.isEmptyEnvironment=false
#python.installVirtualenv=false
#python.indexUrl=
#python.includePoetryDevDependencies=false
#python.ignoreSourceFiles=true
#python.ignorePipInstallErrors=false
#python.IgnorePipenvInstallErrors=false

##### r_language #####
#r.runPreStep=false
#r.resolveDependencies=false
#r.packageManager=packrat
#r.ignoreSourceFiles=true
#r.cranMirrorUrl=

##### ruby #####
#ruby.runBundleInstall=false
#ruby.resolveDependencies=false
#ruby.overwriteGemFile=false
#ruby.installMissingGems=false
#ruby.ignoreSourceFiles=true

##### sbt #####
sbt.targetFolder=
#sbt.runPreStep=false
#sbt.resolveDependencies=false
#sbt.includedScopes=compile,runtime
#sbt.ignoreSourceFiles=false
#sbt.aggregateModules=false

##### scm #####
#scm.url=
#scm.tag=
#scm.branch=

##### serverless #####
#serverless.scanFunctions=false
#serverless.region=
#serverless.provider=aws-lambda
#serverless.maxFunctions=10
#serverless.includes=
#serverless.excludes=

[WARN] [2020-11-10 14:45:38,350 +0200[ - Ivy cache 'C:\Users\GiladAronade\.ivy2\cache' not found
[DEBUG] [2020-11-10 14:45:38,357 +0200[ - Dependency file found location: C:\Sivan\multi-module-maven-project-master\multi-module-maven-project-master\.\business-service\pom.xml
[DEBUG] [2020-11-10 14:45:38,363 +0200[ - Dependency file found location: C:\Sivan\multi-module-maven-project-master\multi-module-maven-project-master\.\frontend-service\pom.xml
[DEBUG] [2020-11-10 14:45:38,368 +0200[ - Dependency file found location: C:\Sivan\multi-module-maven-project-master\multi-module-maven-project-master\.\infra-mapper\pom.xml
[DEBUG] [2020-11-10 14:45:38,374 +0200[ - Dependency file found location: C:\Sivan\multi-module-maven-project-master\multi-module-maven-project-master\.\infra-util\pom.xml
[DEBUG] [2020-11-10 14:45:38,380 +0200[ - Dependency file found location: C:\Sivan\multi-module-maven-project-master\multi-module-maven-project-master\.\pom.xml
[DEBUG] [2020-11-10 14:45:38,380 +0200[ - Dependency file found location: C:\Sivan\multi-module-maven-project-master\multi-module-maven-project-master\.\register-service\pom.xml
[DEBUG] [2020-11-10 14:45:38,389 +0200[ - found folders:

[DEBUG] [2020-11-10 14:45:38,390 +0200[ - C:\Sivan\multi-module-maven-project-master\multi-module-maven-project-master\.
[DEBUG] [2020-11-10 14:45:38,390 +0200[ - C:\Sivan\multi-module-maven-project-master\multi-module-maven-project-master
[DEBUG] [2020-11-10 14:45:38,390 +0200[ - 

[DEBUG] [2020-11-10 14:45:38,394 +0200[ - C:\Sivan\multi-module-maven-project-master\multi-module-maven-project-master\.;C:\Sivan\multi-module-maven-project-master\multi-module-maven-project-master\.;true
[DEBUG] [2020-11-10 14:45:38,395 +0200[ - ---> removed: C:\Sivan\multi-module-maven-project-master\multi-module-maven-project-master\.
[DEBUG] [2020-11-10 14:45:38,395 +0200[ - 

[DEBUG] [2020-11-10 14:45:38,397 +0200[ - Failed to find file: wss-unified-agent.config, error message:
[DEBUG] [2020-11-10 14:45:38,397 +0200[ - Failed to find file: whitesource-fs-agent.config, error message:
[WARN] [2020-11-10 14:45:38,397 +0200[ - No configuration file passed nor any of the default files wss-unified-agent.config or whitesource-fs-agent.config were found
[DEBUG] [2020-11-10 14:45:38,402 +0200[ - One of the parameters apiKey or wss.url is empty, Therefore the api failed to retrieve latest supported extensions will not be called.
[DEBUG] [2020-11-10 14:45:38,431 +0200[ - found folders:

[DEBUG] [2020-11-10 14:45:38,431 +0200[ - 

[DEBUG] [2020-11-10 14:45:38,432 +0200[ - 

[DEBUG] [2020-11-10 14:45:38,482 +0200[ - found folders:

[DEBUG] [2020-11-10 14:45:38,482 +0200[ - 

[DEBUG] [2020-11-10 14:45:38,482 +0200[ - 

[DEBUG] [2020-11-10 14:45:38,508 +0200[ - found folders:

[DEBUG] [2020-11-10 14:45:38,508 +0200[ - 

[DEBUG] [2020-11-10 14:45:38,508 +0200[ - 

[INFO] [2020-11-10 14:45:38,529 +0200[ - The multi-module analysis setup file was created successfully.
