[INFO] [2020-11-10 14:52:08,740 +0200[ - UnifiedAgent version (pluginVersion) : 20.10.1
[INFO] [2020-11-10 14:52:08,887 +0200[ - 
------------------------------------------------------------------------
-------------------- Start: Fetch Configuration ------------------------
------------------------------------------------------------------------
[INFO] [2020-11-10 14:52:08,888 +0200[ - 
------------------------------------------------------------------------
-------------------- End: Fetch Configuration --------------------------
------------------------------------------------------------------------
[INFO] [2020-11-10 14:52:08,913 +0200[ - 
##### general #####
resolveAllDependencies=false
requireKnownSha1=false
projectTag=
projectName=Sivan demo
productName=Sivan demo
includes=**/*.jar
enableImpactAnalysis=false
configFilePath=C:\Sivan\multi-module-maven-project-master\multi-module-maven-project-master\wss-generated-file.config
apiKey=******
#wss.url=https://saas.whitesourcesoftware.com/agent
#whiteSourceFolderPath=.
#userKey=
#updateType=OVERRIDE
#updateInventory=true
#updateEmptyProject=true
#scanReportTimeoutMinutes=10
#scanReportFilenameFormat=project_with_timestamp
#scanPackageManager=false
#scanComment=
#requesterEmail=
#recommendationDetector=false
#projectVersion=
#projectToken=
#projectPerFolderIncludes=*
#projectPerFolderExcludes=
#projectPerFolder=false
#productVersion=
#productToken=
#offline.zip=false
#offline.prettyJson=true
#offline=false
#log.level=info
#ignoreSourceFiles=false
#iaLanguage=
#generateScanReport=false
#generateProjectDetailsJson=false
#forceUpdate.failBuildOnPolicyViolation=false
#forceUpdate=false
#forceCheckAllDependencies=false
#failErrorLevel=DEFAULT
#excludes=
#excludeDependenciesFromNodes=
#euaVul=euaVul.json
#euaRes=euaRes.json
#euaOffline=
#euaDep=euaDep.json
#docker.scanContainers=false
#checkPolicies=false
#appPath=
#analyzeMultiModule=
#analyzeFrameworksReference=analyzeFrameworks.txt
#analyzeFrameworks=false

#####  #####
#ignoreEuaNotices=informational

##### ANT #####
#ant.resolveDependencies=false
#ant.pathIdIncludes=
#ant.external.parameters=

##### archive #####
archiveExtractionDepth=7
#archiveIncludes=
#archiveExcludes=

##### artifactory #####
#artifactory.userPassword=
#artifactory.userName=
#artifactory.url=
#artifactory.repoKeys=
#artifactory.includes=.*.*
#artifactory.excludes=
#artifactory.enableScan=false
#artifactory.accessToken=

##### bazel #####
#bazel.runPreStep=false
#bazel.resolveDependencies=false

##### bower #####
#bower.runPreStep=false
#bower.resolveDependencies=false
#bower.ignoreSourceFiles=false

##### cabal #####
#haskell.resolveDependencies=false

##### cargo #####
#cargo.runPreStep=false
#cargo.resolveDependencies=false
#cargo.ignoreSourceFiles=true

##### cocoapods #####
#cocoapods.runPreStep=false
#cocoapods.resolveDependencies=false
#cocoapods.ignoreSourceFiles=true

##### docker #####
#docker.scanTarFiles=false
#docker.scanImages=false
#docker.scan.maxImages=0
#docker.pull.tags=
#docker.pull.maxImages=10
#docker.pull.images=
#docker.pull.force=false
#docker.pull.enable=false
#docker.pull.digest=
#docker.projectNameFormat=default
#docker.login.sudo=true
#docker.layers=false
#docker.includes=.*.*
#docker.includeSingleScan=
#docker.excludes=
#docker.delete.force=false
#docker.containerIncludes=.*.*
#docker.containerExcludes=

##### docker artifactory #####
#docker.artifactory.userPassword=
#docker.artifactory.userName=
#docker.artifactory.url=
#docker.artifactory.repositoriesNames=
#docker.artifactory.pullUrl=
#docker.artifactory.enable=false
#docker.artifactory.dockerAccessMethod= 

##### docker aws #####
#docker.aws.registryIds=
#docker.aws.region=east
#docker.aws.enable=false

##### docker azure #####
#docker.azure.userPassword=
#docker.azure.userName=
#docker.azure.registryNames=
#docker.azure.registryAuthenticationParameters=
#docker.azure.enable=false
#docker.azure.authenticationType=UserAccount

##### docker google containers #####
#docker.gcr.repositories=
#docker.gcr.enable=false
#docker.gcr.account=

##### docker hub #####
#docker.hub.userPassword=
#docker.hub.userName=
#docker.hub.organizationsNames=
#docker.hub.enabled=false
#docker.hub.accessToken=

##### environment #####
followSymbolicLinks=false
#case.sensitive.glob=false

##### go #####
#go.resolveDependencies=false
#go.ignoreSourceFiles=false
#go.gogradle.enableTaskAlias=false
#go.glide.ignoreTestPackages=true
#go.dependencyManager=
#go.collectDependenciesAtRuntime=false

##### gradle #####
#gradle.wrapperPath=
#gradle.runPreStep=false
#gradle.runAssembleCommand=true
#gradle.resolveDependencies=false
#gradle.preferredEnvironment=gradle
#gradle.multiModule.applyProjectVersion=false
#gradle.localRepositoryPath=
#gradle.includedScopes=
#gradle.includedConfigurations=
#gradle.includeModules=
#gradle.ignoredScopes=
#gradle.ignoredConfigurations=
#gradle.ignoreSourceFiles=false
#gradle.excludeModules=
#gradle.aggregateModules=false
#gradle.additionalArguments=

##### hex #####
#hex.runPreStep=false
#hex.resolveDependencies=false
#hex.ignoreSourceFiles=true
#hex.aggregateModules=false

##### html #####
#html.resolveDependencies=false

##### maven #####
maven.runPreStep=true
maven.ignoreMvnTreeErrors=false
maven.aggregateModules=false
#maven.resolveDependencies=false
#maven.projectNameFromDependencyFile=false
#maven.multiModule.applyProjectVersion=false
#maven.maxCacheFolderSize=
#maven.m2RepositoryPath=
#maven.ignoredScopes=provided,test
#maven.ignoreSourceFiles=false
#maven.ignorePomModules=true
#maven.environmentPath=
#maven.downloadMissingDependencies=true
#maven.additionalArguments=

##### npm #####
#npm.yarnProject=false
#npm.yarn.frozenLockfile=false
#npm.timeoutDependenciesCollectorInSeconds=60
#npm.runPreStep=false
#npm.resolveMainPackageJsonOnly=false
#npm.resolveLockFile=false
#npm.resolveGlobalPackages=false
#npm.resolveDependencies=false
#npm.resolveAdditionalDependencies=false
#npm.removeDuplicateDependencies=true
#npm.projectNameFromDependencyFile=false
#npm.includeDevDependencies=false
#npm.ignoreSourceFiles=true
#npm.ignoreScripts=false
#npm.ignoreNpmLsErrors=false
#npm.ignoreJavaScriptFiles=true
#npm.ignoreDirectoryPatterns=example,examples,.ws_bower,test
#npm.identifyByNameAndVersion=false
#npm.failOnNpmLsErrors=
#npm.accessToken=

##### nuget #####
#nuget.runPreStep=false
#nuget.restoreDependencies=false
#nuget.resolvePackagesConfigFiles=true
#nuget.resolveNuspecFiles=true
#nuget.resolveDependencies=false
#nuget.resolveCsProjFiles=true
#nuget.resolveAssetsFiles=true
#nuget.preferredEnvironment=
#nuget.packagesDirectory=
#nuget.ignoreSourceFiles=true

##### ocaml #####
#ocaml.switchName=
#ocaml.runPreStep=false
#ocaml.resolveDependencies=false
#ocaml.ignoredScopes=with-test,with-doc
#ocaml.ignoreSourceFiles=false
#ocaml.aggregateModules=false

##### paket #####
#paket.runPreStep=false
#paket.resolveDependencies=false
#paket.ignoredGroups=
#paket.ignoreSourceFiles=true
#paket.exePath=

##### php #####
#php.runPreStep=false
#php.resolveDependencies=false
#php.removeDuplicateDependencies=false
#php.includeDevDependencies=false
#php.ignoreSourceFiles=true

##### python #####
#python.runPoetryPreStep=false
#python.runPipenvPreStep=false
#python.resolveSetupPyFiles=false
#python.resolvePipEditablePackages=false
#python.resolveHierarchyTree=true
#python.resolveGlobalPackages=false
#python.resolveDependencies=false
#python.requirementsFileIncludes=
#python.pipenvDevDependencies=false
#python.pipPath=pip
#python.path=python
#python.localPackagePathsToInstall=
#python.isEmptyEnvironment=false
#python.installVirtualenv=false
#python.indexUrl=
#python.includePoetryDevDependencies=false
#python.ignoreSourceFiles=true
#python.ignorePipInstallErrors=false
#python.IgnorePipenvInstallErrors=false

##### r_language #####
#r.runPreStep=false
#r.resolveDependencies=false
#r.packageManager=packrat
#r.ignoreSourceFiles=true
#r.cranMirrorUrl=

##### ruby #####
#ruby.runBundleInstall=false
#ruby.resolveDependencies=false
#ruby.overwriteGemFile=false
#ruby.installMissingGems=false
#ruby.ignoreSourceFiles=true

##### sbt #####
sbt.targetFolder=
#sbt.runPreStep=false
#sbt.resolveDependencies=false
#sbt.includedScopes=compile,runtime
#sbt.ignoreSourceFiles=false
#sbt.aggregateModules=false

##### scm #####
#scm.url=
#scm.tag=
#scm.branch=

##### serverless #####
#serverless.scanFunctions=false
#serverless.region=
#serverless.provider=aws-lambda
#serverless.maxFunctions=10
#serverless.includes=
#serverless.excludes=

[DEBUG] [2020-11-10 14:52:08,926 +0200[ - running multi-module scan first step
[WARN] [2020-11-10 14:52:10,009 +0200[ - Ivy cache 'C:\Users\GiladAronade\.ivy2\cache' not found
[DEBUG] [2020-11-10 14:52:10,017 +0200[ - Available processors (cores): 	8
Free memory (Mb): 	77
Max memory (Mb): 	247
Total memory (Mb): 	224
Used memory (Mb): 	147

[INFO] [2020-11-10 14:52:10,027 +0200[ - Starting Archive Extraction (may take a few minutes)
[DEBUG] [2020-11-10 14:52:10,029 +0200[ - Base directory is C:\Sivan\multi-module-maven-project-master\multi-module-maven-project-master, extraction depth is set to 7
[DEBUG] [2020-11-10 14:52:10,038 +0200[ - Dependency file found location: C:\Sivan\multi-module-maven-project-master\multi-module-maven-project-master\business-service\target\business-service-1.0-SNAPSHOT.jar
[DEBUG] [2020-11-10 14:52:10,045 +0200[ - Dependency file found location: C:\Sivan\multi-module-maven-project-master\multi-module-maven-project-master\frontend-service\target\frontend-service-1.0-SNAPSHOT.jar
[DEBUG] [2020-11-10 14:52:10,052 +0200[ - Dependency file found location: C:\Sivan\multi-module-maven-project-master\multi-module-maven-project-master\infra-mapper\target\infra-mapper-1.0-SNAPSHOT.jar
[DEBUG] [2020-11-10 14:52:10,059 +0200[ - Dependency file found location: C:\Sivan\multi-module-maven-project-master\multi-module-maven-project-master\infra-util\target\infra-util-1.0-SNAPSHOT.jar
[DEBUG] [2020-11-10 14:52:10,067 +0200[ - Dependency file found location: C:\Sivan\multi-module-maven-project-master\multi-module-maven-project-master\register-service\target\register-service-1.0-SNAPSHOT.jar
[DEBUG] [2020-11-10 14:52:10,071 +0200[ - File/Folder Excluded: wss-unified-agent-20.10.1.jar
[DEBUG] [2020-11-10 14:52:10,071 +0200[ - Dependency file found location: C:\Sivan\multi-module-maven-project-master\multi-module-maven-project-master\xModuleAnalyzer-20.8.1.jar
[DEBUG] [2020-11-10 14:54:14,938 +0200[ - Unpack directory: C:\Users\GILADA~1\AppData\Local\Temp\ws-ua_20201110145208_FUETQD\archiveExtraction_XSUPWP\20201110145210, parent file: C:\Sivan\multi-module-maven-project-master
[INFO] [2020-11-10 14:54:14,938 +0200[ - Starting analysis
[INFO] [2020-11-10 14:54:14,939 +0200[ - Scanning directories [C:\Users\GILADA~1\AppData\Local\Temp\ws-ua_20201110145208_FUETQD\archiveExtraction_XSUPWP\20201110145210, C:\Sivan\multi-module-maven-project-master\multi-module-maven-project-master] for package dependencies (may take a few minutes)
[INFO] [2020-11-10 14:54:14,939 +0200[ - Included file types: **/*.jar
[INFO] [2020-11-10 14:54:14,940 +0200[ - Excluded file types: 
[INFO] [2020-11-10 14:54:14,940 +0200[ - 
------------------------------------------------------------------------
-------------------- Start: Scan Files Matching Includes Pattern -------
------------------------------------------------------------------------
[DEBUG] [2020-11-10 14:54:14,940 +0200[ - Scanning C:\Users\GILADA~1\AppData\Local\Temp\ws-ua_20201110145208_FUETQD\archiveExtraction_XSUPWP\20201110145210
[DEBUG] [2020-11-10 14:54:15,227 +0200[ - Scanning C:\Sivan\multi-module-maven-project-master\multi-module-maven-project-master
[INFO] [2020-11-10 14:54:15,252 +0200[ - Scanning directories [C:\Users\GILADA~1\AppData\Local\Temp\ws-ua_20201110145208_FUETQD\archiveExtraction_XSUPWP\20201110145210, C:\Sivan\multi-module-maven-project-master\multi-module-maven-project-master] for matching source/binary file types (may take a few minutes)
[DEBUG] [2020-11-10 14:54:15,252 +0200[ - Scanning C:\Users\GILADA~1\AppData\Local\Temp\ws-ua_20201110145208_FUETQD\archiveExtraction_XSUPWP\20201110145210
[DEBUG] [2020-11-10 14:54:15,650 +0200[ - Scanning C:\Sivan\multi-module-maven-project-master\multi-module-maven-project-master
[DEBUG] [2020-11-10 14:54:15,652 +0200[ - Dependency file found location: C:\Sivan\multi-module-maven-project-master\multi-module-maven-project-master\business-service\target\business-service-1.0-SNAPSHOT.jar
[DEBUG] [2020-11-10 14:54:15,657 +0200[ - Dependency file found location: C:\Sivan\multi-module-maven-project-master\multi-module-maven-project-master\frontend-service\target\frontend-service-1.0-SNAPSHOT.jar
[DEBUG] [2020-11-10 14:54:15,661 +0200[ - Dependency file found location: C:\Sivan\multi-module-maven-project-master\multi-module-maven-project-master\infra-mapper\target\infra-mapper-1.0-SNAPSHOT.jar
[DEBUG] [2020-11-10 14:54:15,666 +0200[ - Dependency file found location: C:\Sivan\multi-module-maven-project-master\multi-module-maven-project-master\infra-util\target\infra-util-1.0-SNAPSHOT.jar
[DEBUG] [2020-11-10 14:54:15,671 +0200[ - Dependency file found location: C:\Sivan\multi-module-maven-project-master\multi-module-maven-project-master\register-service\target\register-service-1.0-SNAPSHOT.jar
[DEBUG] [2020-11-10 14:54:15,674 +0200[ - Dependency file found location: C:\Sivan\multi-module-maven-project-master\multi-module-maven-project-master\wss-unified-agent-20.10.1.jar
[DEBUG] [2020-11-10 14:54:15,674 +0200[ - Dependency file found location: C:\Sivan\multi-module-maven-project-master\multi-module-maven-project-master\xModuleAnalyzer-20.8.1.jar
[INFO] [2020-11-10 14:54:15,675 +0200[ - Total files found according to the includes/excludes pattern: 7
[INFO] [2020-11-10 14:54:16,840 +0200[ - 
------------------------------------------------------------------------
-------------------- End: Scan Files Matching Includes Pattern ---------
------------------------------------------------------------------------
[INFO] [2020-11-10 14:54:31,686 +0200[ - Finished analyzing Files
[DEBUG] [2020-11-10 14:54:31,687 +0200[ - Available processors (cores): 	8
Free memory (Mb): 	72
Max memory (Mb): 	247
Total memory (Mb): 	224
Used memory (Mb): 	152

[DEBUG] [2020-11-10 14:54:31,701 +0200[ - json file written to C:\Sivan\multi-module-maven-project-master\multi-module-maven-project-master\projectDetails.json
[INFO] [2020-11-10 14:54:31,707 +0200[ - 
------------------------------------------------------------------------------------------------------------------------------------------------------
------------------------------------------------------------- WhiteSource Scan Summary: --------------------------------------------------------------
------------------------------------------------------------------------------------------------------------------------------------------------------
======================================================================================================================================================
Scan Origin: Multi Module Analyzer scan
======================================================================================================================================================
Step                                              Completion Status               Elapsed                  Comments
======================================================================================================================================================
Fetch Configuration                                  COMPLETED                  00:00:00.143               --------
Scan Files Matching Includes Pattern                 COMPLETED                  00:00:01.899               7 source/binary files
   jar                                               COMPLETED                    --------                 7 source/binary files

======================================================================================================================================================
Elapsed running time:                                                           00:00:02.042
======================================================================================================================================================
Process finished with exit code SUCCESS (0)

